\BOOKMARK [0][]{chapter.1}{\376\377\0001\000\040\176\352\213\272}{}% 1
\BOOKMARK [0][]{chapter.2}{\376\377\0002\000\040\127\372\116\216\155\361\136\246\171\136\176\317\177\121\176\334\166\204\234\201\150\322\213\355\227\363\162\171\137\201\143\320\123\326\152\041\127\213}{}% 2
\BOOKMARK [1][]{section.2.1}{\376\377\0002\000.\0001\000\040\164\366\230\210\234\201\150\322\213\355\227\363\162\171\137\201}{chapter.2}% 3
\BOOKMARK [1][]{section.2.2}{\376\377\0002\000.\0002\000\040\155\361\136\246\171\136\176\317\177\121\176\334\234\201\150\322\213\355\227\363\162\171\137\201\143\320\123\326\152\041\127\213}{chapter.2}% 4
\BOOKMARK [1][]{section.2.3}{\376\377\0002\000.\0003\000\040\133\371\142\227\171\136\176\317\177\121\176\334\234\201\150\322\213\355\227\363\162\171\137\201\143\320\123\326\152\041\127\213}{chapter.2}% 5
\BOOKMARK [1][]{section.2.4}{\376\377\0002\000.\0004\000\040\127\372\121\306\152\041\127\213}{chapter.2}% 6
\BOOKMARK [2][]{subsection.2.4.1}{\376\377\0002\000.\0004\000.\0001\000\040\000S\000T\000S\000A\000-\000M\000M\000S\000E}{section.2.4}% 7
\BOOKMARK [2][]{subsection.2.4.2}{\376\377\0002\000.\0004\000.\0002\000\040\000D\000N\000N\000\040\000b\000a\000s\000e\000d\000\040\000s\000p\000e\000e\000c\000h\000\040\000e\000n\000h\000a\000n\000c\000e\000m\000e\000n\000t}{section.2.4}% 8
\BOOKMARK [2][]{subsection.2.4.3}{\376\377\0002\000.\0004\000.\0003\000\040\000S\000D\000N\000-\000B\000N}{section.2.4}% 9
\BOOKMARK [2][]{subsection.2.4.4}{\376\377\0002\000.\0004\000.\0004\000\040\000D\000A\000N\000-\000B\000N}{section.2.4}% 10
\BOOKMARK [0][]{chapter.3}{\376\377\0003\000\040\133\236\232\214}{}% 11
\BOOKMARK [1][]{section.3.1}{\376\377\0003\000.\0001\000\040\145\160\143\156\226\306}{chapter.3}% 12
\BOOKMARK [1][]{section.3.2}{\376\377\0003\000.\0002\000\040\126\152\227\363}{chapter.3}% 13
\BOOKMARK [1][]{section.3.3}{\376\377\0003\000.\0003\000\040\213\364\213\335\116\272\213\306\122\053\174\373\176\337}{chapter.3}% 14
\BOOKMARK [1][]{section.3.4}{\376\377\0003\000.\0004\000\040\133\236\232\214\121\306\131\007}{chapter.3}% 15
\BOOKMARK [0][]{chapter.4}{\376\377\0004\000\040\176\323\147\234\116\016\122\006\147\220}{}% 16
\BOOKMARK [0][]{chapter.5}{\376\377\0005\000\040\176\323\213\272}{}% 17
\BOOKMARK [0][]{section*.2}{\376\377\123\302\200\003\145\207\163\056}{}% 18
\BOOKMARK [0][]{section*.4}{\376\377\201\364\000\040\214\042}{}% 19
\BOOKMARK [0][]{section*.7}{\376\377\226\104\000\040\137\125}{}% 20
\BOOKMARK [1][]{section*.8}{\376\377\226\104\137\125\0001\000\040\177\051\165\145\213\355\210\150}{section*.7}% 21
\BOOKMARK [1][]{section*.9}{\376\377\226\104\137\125\0002\000\040\145\160\133\146\173\046\123\367}{section*.7}% 22
